 ===========================
  Output from program Dusty 
  Version: 2.07
 ===========================
  
  INPUT parameters from file:
  Models/grf-DL-1625td/grf-DL-1625tdA.inp                                                                                                     
  
* ----------------------------------------------------------------------
* NOTES:
* This is a simple input file for a spherical shell with a minimal output
* ----------------------------------------------------------------------
  Central source spectrum described by a black body                       
  with temperature: 2.625E+03 K
  --------------------------------------------
  Dust temperature on the inner boundary: 1.63E+03 K
  --------------------------------------------
  Abundances for supported grains:
  Sil-Ow Sil-Oc Sil-DL grf-DL amC-Hn SiC-Pg
  0.000  0.000  0.000  0.900  0.000  0.100
  Abundances for user supplied grains:


  User supplied n and k from:
  MRN size distribution:
       Power q:  3.5
  Minimal size: 5.00E-03 microns
  Maximal size: 2.50E-01 microns
  --------------------------------------------
  Density described by 1/r**k with k =  2.0
  Relative thickness: 4.000E+02
  --------------------------------------------
  Optical depths at 5.5E-01 microns
  ranging from 8.00E-01 to 1.00E+00
    3 models with linear grid                
  Required accuracy: 5%
  --------------------------------------------
  --------------------------------------------
  ====================================================  
  For compliance with the point-source assumption, the
  following results should only be applied to sources 
  whose effective temperature exceeds 3839 K.
  ====================================================
          
  RESULTS:
  --------
 ###   tau0   Fi(W/m2)  r1(cm)    r1/rc   theta1   Td(Y)   err 
 ###     1        2        3        4        5       6      7  
 ============================================================= 
   1 8.00E-01 6.82E+05 6.70E+13 1.99E+00 5.00E-01 1.59E+02   0
 ** WARNING: the input spectrum is a black-body at 2625 K **
 *The point-source assumption requires min Teff of 3725 K **
   2 9.00E-01 6.73E+05 6.74E+13 2.00E+00 5.03E-01 1.58E+02   0
 ** WARNING: the input spectrum is a black-body at 2625 K **
 *The point-source assumption requires min Teff of 3712 K **
   3 1.00E+00 6.64E+05 6.79E+13 2.01E+00 5.06E-01 1.57E+02   0
 ** WARNING: the input spectrum is a black-body at 2625 K **
 *The point-source assumption requires min Teff of 3700 K **
 =============================================================
   (1) Optical depth at 5.5E-01 microns
   (2) Bolometric flux at the inner radius 
   (3) Inner radius for L=1E4 Lsun
   (4) Ratio of the inner to the stellar radius
   (5) Angular size (in arcsec) when Fbol=1E-6 W/m2
   (6) Dust temperature at the outer edge (in K)
   (7) Maximum error in flux conservation (%)
 =================================================
  Everything is OK for all models
  Table with spectral properties is in file *.spp
  Spectra are in files *.s##
  Radial profiles are in files *.r##
  Run-time messages are in files *.m##
 ========== THE END ==============================
